<?xml version="1.0" encoding="UTF-8"?>
<!-- Generated by org.testng.reporters.JUnitXMLReporter -->
<testsuite ignored="0" hostname="LTIN219936" failures="0" tests="6" name="Chrome" time="121.26" errors="0" timestamp="2024-02-20T17:25:55 IST">
  <testcase classname="testCases.NewBikesSearch" name="NavigateToUpcomingBikes" time="7.463"/>
  <testcase classname="testCases.NewBikesSearch" name="UpcomingBikes" time="18.963"/>
  <testcase classname="testCases.UsedCarsSearch" name="navigateToUsedCars" time="29.006"/>
  <testcase classname="testCases.UsedCarsSearch" name="usedCars" time="1.739"/>
  <testcase classname="testCases.SignInPage" name="ClickonSignIn" time="8.743"/>
  <testcase classname="testCases.SignInPage" name="captureSigninError" time="4.232"/>
</testsuite> <!-- Chrome -->
