<?xml version="1.0" encoding="UTF-8"?>
<!-- Generated by org.testng.reporters.JUnitXMLReporter -->
<testsuite ignored="0" hostname="LTIN219936" failures="0" tests="6" name="Edge" time="1.135" errors="0" timestamp="2024-02-28T15:46:11 IST">
  <testcase classname="testNGTestCases.Setup" name="@BeforeSuite siteLaunch" time="0.051">
    <failure type="java.lang.NullPointerException" message="Cannot invoke &amp;quot;String.toLowerCase()&amp;quot; because the return value of &amp;quot;java.util.Properties.getProperty(String)&amp;quot; is null">
      <![CDATA[java.lang.NullPointerException: Cannot invoke "String.toLowerCase()" because the return value of "java.util.Properties.getProperty(String)" is null
at factory.BaseClass.initilizeBrowser(BaseClass.java:63)
at testNGTestCases.Setup.siteLaunch(Setup.java:19)
... Removed 17 stack frames]]>
    </failure>
  </testcase> <!-- @BeforeSuite siteLaunch -->
  <testcase classname="testNGTestCases.NewBikesSearch" name="NavigateToUpcomingBikes" time="0.001">
    <skipped/>
  </testcase> <!-- NavigateToUpcomingBikes -->
  <testcase classname="testNGTestCases.NewBikesSearch" name="UpcomingBikes" time="0.001">
    <skipped/>
  </testcase> <!-- UpcomingBikes -->
  <testcase classname="testNGTestCases.UsedCarsSearch" name="navigateToUsedCars" time="0.0">
    <skipped/>
  </testcase> <!-- navigateToUsedCars -->
  <testcase classname="testNGTestCases.UsedCarsSearch" name="usedCars" time="0.0">
    <skipped/>
  </testcase> <!-- usedCars -->
  <testcase classname="testNGTestCases.SignInPage" name="ClickonSignIn" time="0.001">
    <skipped/>
  </testcase> <!-- ClickonSignIn -->
  <testcase classname="testNGTestCases.SignInPage" name="captureSigninError" time="0.001">
    <skipped/>
  </testcase> <!-- captureSigninError -->
</testsuite> <!-- Edge -->
